0 info it worked if it ends with ok
1 verbose cli [ 'node', '/Users/omnomnomben/.nvm/v0.10.12/bin/npm', 'install' ]
2 info using npm@1.3.6
3 info using node@v0.10.12
4 verbose readDependencies using package.json deps
5 verbose install where, deps [ '/Users/omnomnomben/Documents/benng.me',
5 verbose install   [ 'highlight',
5 verbose install     'underscore',
5 verbose install     'marked',
5 verbose install     'mongodb-wrapper',
5 verbose install     'slugs',
5 verbose install     'geddy',
5 verbose install     'commander',
5 verbose install     'utilities',
5 verbose install     'request',
5 verbose install     'envoy',
5 verbose install     'kitten' ] ]
6 info preinstall scotch-blog@0.1.6
7 verbose readDependencies using package.json deps
8 verbose already installed skipping marked@~0.2.x /Users/omnomnomben/Documents/benng.me
9 verbose already installed skipping highlight@~0.2.x /Users/omnomnomben/Documents/benng.me
10 verbose already installed skipping underscore@~1.4.x /Users/omnomnomben/Documents/benng.me
11 verbose already installed skipping mongodb-wrapper@~0.4.x /Users/omnomnomben/Documents/benng.me
12 verbose already installed skipping slugs@~0.1.x /Users/omnomnomben/Documents/benng.me
13 verbose cache add [ 'geddy@~0.9.x', null ]
14 verbose cache add name=undefined spec="geddy@~0.9.x" args=["geddy@~0.9.x",null]
15 verbose parsed url { protocol: null,
15 verbose parsed url   slashes: null,
15 verbose parsed url   auth: null,
15 verbose parsed url   host: null,
15 verbose parsed url   port: null,
15 verbose parsed url   hostname: null,
15 verbose parsed url   hash: null,
15 verbose parsed url   search: null,
15 verbose parsed url   query: null,
15 verbose parsed url   pathname: 'geddy@~0.9.x',
15 verbose parsed url   path: 'geddy@~0.9.x',
15 verbose parsed url   href: 'geddy@~0.9.x' }
16 verbose cache add name="geddy" spec="~0.9.x" args=["geddy","~0.9.x"]
17 verbose parsed url { protocol: null,
17 verbose parsed url   slashes: null,
17 verbose parsed url   auth: null,
17 verbose parsed url   host: null,
17 verbose parsed url   port: null,
17 verbose parsed url   hostname: null,
17 verbose parsed url   hash: null,
17 verbose parsed url   search: null,
17 verbose parsed url   query: null,
17 verbose parsed url   pathname: '~0.9.x',
17 verbose parsed url   path: '~0.9.x',
17 verbose parsed url   href: '~0.9.x' }
18 verbose addNamed [ 'geddy', '~0.9.x' ]
19 verbose addNamed [ null, '>=0.9.0-0 <0.10.0-0' ]
20 verbose already installed skipping commander@~1.2.0 /Users/omnomnomben/Documents/benng.me
21 verbose already installed skipping utilities@0.0.26 /Users/omnomnomben/Documents/benng.me
22 silly lockFile 7978c699-geddy-0-9-x geddy@~0.9.x
23 verbose lock geddy@~0.9.x /Users/omnomnomben/.npm/7978c699-geddy-0-9-x.lock
24 verbose already installed skipping request@2.21.x /Users/omnomnomben/Documents/benng.me
25 verbose already installed skipping envoy@0.0.x /Users/omnomnomben/Documents/benng.me
26 silly addNameRange { name: 'geddy', range: '>=0.9.0-0 <0.10.0-0', hasData: false }
27 verbose already installed skipping kitten@0.0.x /Users/omnomnomben/Documents/benng.me
28 verbose url raw geddy
29 verbose url resolving [ 'https://registry.npmjs.org/', './geddy' ]
30 verbose url resolved https://registry.npmjs.org/geddy
31 info trying registry request attempt 1 at 03:24:14
32 verbose etag "3YALSCU8QHNXWJPP14XD0TQVO"
33 http GET https://registry.npmjs.org/geddy
34 http 304 https://registry.npmjs.org/geddy
35 silly registry.get cb [ 304,
35 silly registry.get   { server: 'CouchDB/1.3.0 (Erlang OTP/R15B03)',
35 silly registry.get     etag: '"3YALSCU8QHNXWJPP14XD0TQVO"',
35 silly registry.get     date: 'Fri, 02 Aug 2013 10:24:15 GMT',
35 silly registry.get     'content-length': '0' } ]
36 verbose etag geddy from cache
37 silly addNameRange number 2 { name: 'geddy', range: '>=0.9.0-0 <0.10.0-0', hasData: true }
38 silly addNameRange versions [ 'geddy',
38 silly addNameRange   [ '0.1.1',
38 silly addNameRange     '0.1.3',
38 silly addNameRange     '0.2.0',
38 silly addNameRange     '0.2.1',
38 silly addNameRange     '0.2.2',
38 silly addNameRange     '0.2.3',
38 silly addNameRange     '0.2.4',
38 silly addNameRange     '0.2.5',
38 silly addNameRange     '0.2.6',
38 silly addNameRange     '0.2.7',
38 silly addNameRange     '0.2.8',
38 silly addNameRange     '0.2.9',
38 silly addNameRange     '0.2.10',
38 silly addNameRange     '0.2.11',
38 silly addNameRange     '0.3.1',
38 silly addNameRange     '0.3.2',
38 silly addNameRange     '0.3.3',
38 silly addNameRange     '0.3.4',
38 silly addNameRange     '0.3.6',
38 silly addNameRange     '0.3.7',
38 silly addNameRange     '0.3.9',
38 silly addNameRange     '0.3.10',
38 silly addNameRange     '0.3.11',
38 silly addNameRange     '0.3.12',
38 silly addNameRange     '0.3.13',
38 silly addNameRange     '0.3.14',
38 silly addNameRange     '0.3.15',
38 silly addNameRange     '0.3.16',
38 silly addNameRange     '0.3.18',
38 silly addNameRange     '0.3.19',
38 silly addNameRange     '0.3.20',
38 silly addNameRange     '0.3.21',
38 silly addNameRange     '0.4.1',
38 silly addNameRange     '0.4.2',
38 silly addNameRange     '0.4.3',
38 silly addNameRange     '0.4.4',
38 silly addNameRange     '0.4.5',
38 silly addNameRange     '0.4.6',
38 silly addNameRange     '0.4.7',
38 silly addNameRange     '0.5.1',
38 silly addNameRange     '0.5.2',
38 silly addNameRange     '0.5.3',
38 silly addNameRange     '0.5.4',
38 silly addNameRange     '0.5.5',
38 silly addNameRange     '0.5.6',
38 silly addNameRange     '0.5.7',
38 silly addNameRange     '0.6.1',
38 silly addNameRange     '0.6.2',
38 silly addNameRange     '0.6.3',
38 silly addNameRange     '0.6.4',
38 silly addNameRange     '0.6.5',
38 silly addNameRange     '0.6.6',
38 silly addNameRange     '0.6.7',
38 silly addNameRange     '0.6.11',
38 silly addNameRange     '0.6.12',
38 silly addNameRange     '0.6.13',
38 silly addNameRange     '0.6.14',
38 silly addNameRange     '0.6.15',
38 silly addNameRange     '0.6.16',
38 silly addNameRange     '0.6.17',
38 silly addNameRange     '0.6.18',
38 silly addNameRange     '0.6.19',
38 silly addNameRange     '0.6.20',
38 silly addNameRange     '0.7.7',
38 silly addNameRange     '0.7.8',
38 silly addNameRange     '0.7.10',
38 silly addNameRange     '0.7.11',
38 silly addNameRange     '0.7.12',
38 silly addNameRange     '0.7.13',
38 silly addNameRange     '0.7.14',
38 silly addNameRange     '0.7.15',
38 silly addNameRange     '0.7.16',
38 silly addNameRange     '0.7.17',
38 silly addNameRange     '0.7.18',
38 silly addNameRange     '0.7.19',
38 silly addNameRange     '0.7.20',
38 silly addNameRange     '0.7.21',
38 silly addNameRange     '0.7.22',
38 silly addNameRange     '0.8.1',
38 silly addNameRange     '0.8.2',
38 silly addNameRange     '0.8.3',
38 silly addNameRange     '0.8.4',
38 silly addNameRange     '0.8.5',
38 silly addNameRange     '0.8.6',
38 silly addNameRange     '0.8.7',
38 silly addNameRange     '0.8.8',
38 silly addNameRange     '0.8.9',
38 silly addNameRange     '0.8.10',
38 silly addNameRange     '0.8.11',
38 silly addNameRange     '0.8.12',
38 silly addNameRange     '0.8.13',
38 silly addNameRange     '0.8.14',
38 silly addNameRange     '0.9.1',
38 silly addNameRange     '0.9.2',
38 silly addNameRange     '0.9.3',
38 silly addNameRange     '0.9.4',
38 silly addNameRange     '0.9.5',
38 silly addNameRange     '0.9.6',
38 silly addNameRange     '0.9.7',
38 silly addNameRange     '0.9.8',
38 silly addNameRange     '0.9.9',
38 silly addNameRange     '0.9.10',
38 silly addNameRange     '0.9.11',
38 silly addNameRange     '0.9.12' ] ]
39 verbose addNamed [ 'geddy', '0.9.12' ]
40 verbose addNamed [ '0.9.12', '0.9.12' ]
41 silly lockFile e68cd892-geddy-0-9-12 geddy@0.9.12
42 verbose lock geddy@0.9.12 /Users/omnomnomben/.npm/e68cd892-geddy-0-9-12.lock
43 silly lockFile e68cd892-geddy-0-9-12 geddy@0.9.12
44 silly lockFile e68cd892-geddy-0-9-12 geddy@0.9.12
45 silly lockFile 7978c699-geddy-0-9-x geddy@~0.9.x
46 silly lockFile 7978c699-geddy-0-9-x geddy@~0.9.x
47 silly resolved [ { name: 'geddy',
47 silly resolved     description: 'Web framework for Node.js',
47 silly resolved     keywords: [ 'Web', 'framework', 'REST', 'MVC', 'realtime' ],
47 silly resolved     version: '0.9.12',
47 silly resolved     author:
47 silly resolved      { name: 'Matthew Eernisse',
47 silly resolved        email: 'mde@fleegix.org',
47 silly resolved        url: 'http://fleegix.org' },
47 silly resolved     dependencies:
47 silly resolved      { jake: '0.5.x',
47 silly resolved        utilities: '0.0.x',
47 silly resolved        model: '0.2.x',
47 silly resolved        barista: '0.0.x',
47 silly resolved        'socket.io': '0.9.x',
47 silly resolved        mime: '1.2.x' },
47 silly resolved     bin: { geddy: './bin/cli.js' },
47 silly resolved     scripts: { test: 'jake test' },
47 silly resolved     main: './lib/geddy',
47 silly resolved     repository: { type: 'git', url: 'git://github.com/mde/geddy.git' },
47 silly resolved     preferGlobal: true,
47 silly resolved     devDependencies:
47 silly resolved      { browserify: '1.16.x',
47 silly resolved        'socket.io-client': '0.9.x',
47 silly resolved        handlebars: 'latest',
47 silly resolved        jade: 'latest',
47 silly resolved        swig: 'latest',
47 silly resolved        ejs: 'latest',
47 silly resolved        request: 'latest' },
47 silly resolved     engines: { node: '*' },
47 silly resolved     readme: '# Geddy\n####A simple, structured web framework for Node\n\n```\n$ npm install -g geddy\n$ geddy app my_app\n$ cd my_app\n$ geddy\n// app now running on localhost:4000\n```\n\n[![Build Status](https://travis-ci.org/mde/geddy.png?branch=master)](https://travis-ci.org/mde/geddy)\n\n### Documentation\n\nDocs are located on the GeddyJS website: http://geddyjs.org/documentation\n\n### Goals\n\n  * Easy to use\n  * Modular\n  * Fast\n\nGeddy should make things easy for the most basic applications,\nbut still let you get under the hood and tinker if you want.\n\n### Features\n\n  * Powerful, flexible router\n  * Easy resource-based routing\n  * Database adapters for Postgres, MongoDB, Riak, and in-memory\n  * App, resource and scaffold generators\n  * Content-negotiation\n  * Session support (in-memory, cookie)\n  * Multiple template engine support (EJS, Jade, Mustache, Handlebars, Swig)\n  * Real Time API generation (socket.io integration)\n  * View helpers ([Docs](https://github.com/mde/geddy/wiki/View-Helpers))\n  * Fully non-blocking\n\n### License\n\nApache License, Version 2\n\n### Prerequisites\n\nGeddy requires version 0.8.x of Node.js or higher, and the\n[Jake](https://github.com/mde/jake) JavaScript build-tool.\n\n### Installing with [NPM](http://npmjs.org/)\n\n```\n[sudo] npm -g install geddy\n```\n\nNote: Geddy (specifically, the generators) is a system-level\ntool, and wants to be installed globally.\n\n### Creating a Geddy application\n\nTo create Geddy applications simply run `geddy app <name>`.\nThen you can run `geddy` inside the application to start the server.\n\n```\nmde@localhost:~/work$ geddy app bytor\nCreated app bytor.\nmde@localhost:~/work$ cd bytor\nmde@localhost:~/work/bytor$ geddy\nServer running at http://127.0.0.1:4000/\n```\n\nGo to http://localhost:4000/, and you should see the introduction page.\n\n### Generating resources\n\nUse `geddy resource <name> [model properties]` to generate a resource in your application.\nA resources does not generate a view, but creates a view directory. A resource route will be\ncreated for you.\n\n````\nmde@localhost:~/work$ geddy resource snow_dog breed:string name:string color:string\n[Added] app/models/snow_dog.js\n[Added] app/controllers/snow_dogs.js\n[Added] Resource snow_dogs route added to config/router.js\n[Added] snow_dogs view directory\n```\n\nNow start your Geddy server and your new route will work. Trying this for example\nwill return the params for the index action in JSON:\n\n```\n$ curl localhost:4000/snow_dogs.json\n{"params":{"method":"GET","controller":"SnowDogs","action":"index","format":"json"}}\n```\n\nGeddy generators handle plural inflections for model and controller names (e.g., "person" to "people").\nTo read about the model properties argument, see [Model properties](#model-properties).\n\n### Generating scaffolding\n\nUse `geddy scaffold <name> [model properties]` to generate scaffoling in your application.\nScaffolding creates full CRUD actions, includes views, and will default your configuration to use\n[Mongodb](http://www.mongodb.org/). Resource routes will be created for you.\n\n````\nmde@localhost:~/work$ geddy scaffold snow_dog breed:string name:string color:string\n[Added] app/models/snow_dog.js\n[Added] app/controllers/snow_dogs.js\n[Added] Resource snow_dogs route added to config/router.js\n[Added] View templates\n[Added] Database configuration to config/environment.js\n```\n\nNow start your Geddy server and you\'ll have new views created from scaffolding. Trying this for example\nwill return the content for the index action in HTML:\n\n```\n$ curl localhost:4000/snow_dogs\n<!DOCTYPE html>\n<html lang="en">\n  <head>\n    <meta charset="utf-8">\n    <title>Geddy App | This app uses Geddy.js</title>\n    <meta name="description" content="">\n    <meta name="author" content="">\n\n    <meta name="viewport" content="width=device-width" />\n\n    <!-- The HTML5 shim, for IE6-8 support of HTML elements -->\n    <!--[if lt IE 9]>\n      <script src="http://html5shim.googlecode.com/svn/trunk/html5.js"></script>\n    <![endif]-->\n\n.....\n```\n\n### Model properties\n\nSome Geddy generators (resource, scaffold, and model) have an argument that takes a list of model\nproperties. Here\'s an example of a resource with some properties:\n\n```\ngeddy resource user name admin:boolean lastLogin:datetime\n```\n\nEach of these items include a name and an optional type. If there\'s no type given, it will default\nto string. The list of supported types are listed in the [model](https://github.com/mde/geddy/wiki/Models) documentation.\nIf no id property is given, then a default id property will be created with the type of string.\n\nYou can also use custom default properties:\n```\ngeddy resource user name:default admin:boolean\n```\nThe above example will use the property `name`(string) to display the items in the views instead of the default ID property. This way when generating scaffolds, it will look better out of the box.\n\n### Routes\n\nGeddy uses the Barista router: https://github.com/kieran/barista\n\nRoutes are created in a similar fashion to Merb or Rails.\n\n***Basic routes***\n```\nrouter.match(\'/moving/pictures/:id\').to(\n  {controller: \'Moving\', action: \'pictures\'});\n\nrouter.match(\'/farewells/:farewelltype/kings/:kingid\').to(\n   {controller: \'Farewells\', action: \'kings\'});\n\n//Can also match specific HTTP methods only\nrouter.match(\'/xandadu\', \'get\').to(\n  {controller: \'Xanadu\', action: \'specialHandler\'});\n```\n\n***Resource routes***\n```\nrouter.resource(\'hemispheres\');\n```\n\n### Resources and controllers\n\nGeddy\'s resource-based routes create url/request-method mappings\nfor easy CRUD operations:\n\n```\nGET */snow_dogs[.extension]\n(SnowDogs controller, index action)\n\nGET */snow_dogs/add[.extension]\n(SnowDogs controller, add action, for any new resource template; "new" is not usable as a JavaScript action name)\n\nPOST */snow_dogs[.extension]\n(SnowDogs controller, create action)\n\nGET */snow_dogs/:id[.extension]\n(SnowDogs controller, show action)\n\nGET */snow_dogs/:id/edit[.extension]\n(SnowDogs controller, edit action)\n\nPUT */snow_dogs/:id[.extension]\n(SnowDogs controller, update action)\n\nDELETE */snow_dogs/:id[.extension]\n(SnowDogs controller, remove action)\n```\n\nA simple controller that just responds with any\nform-post/query-string params looks like this:\n\n```javascript\nvar SnowDogs = function () {\n  this.respondsWith = [\'text\', \'json\', \'html\'];\n\n  this.index = function (params) {\n    this.respond({params: params});\n  };\n\n  this.add = function (params) {\n    this.respond({params: params});\n  };\n\n  this.create = function (params) {\n    this.respond({params: params});\n  };\n\n  this.show = function (params) {\n    this.respond({params: params});\n  };\n\n  this.update = function (params) {\n    this.respond({params: params});\n  };\n\n  this.remove = function (params) {\n    this.respond({params: params});\n  };\n\n};\n\nexports.SnowDogs = SnowDogs;\n```\n\n## Content-negotiation\n\nGeddy can perform content-negotiation, and respond with with the\ncorrect format based on the requested filename extension.\n\nIf you have a JSON-serializable JavaScript object you want to\nreturn in JSON format, pass your JavaScript object to the\n`respond` method in the action on that controller.\n\n```javascript\nthis.respondsWith = [\'text\', \'json\'];\n\nthis.show = function (params) {\n  item = {foo: \'FOO\', bar: 1, baz: false};\n  this.respond(item);\n};\n```\n## Models and validations\n\nGeddy has a simple way of defining models with a full-featured\nset of data validations. The syntax is similar to models in\nRuby\'s ActiveRecord or DataMapper.\n\nHere is an example of a model with some validations:\n\n```javascript\nvar User = function () {\n  this.property(\'login\', \'string\', {required: true});\n  this.property(\'password\', \'string\', {required: true});\n  this.property(\'lastName\', \'string\');\n  this.property(\'firstName\', \'string\');\n\n  this.validatesPresent(\'login\');\n  this.validatesFormat(\'login\', /[a-z]+/, {message: \'Subdivisions!\'});\n  this.validatesLength(\'login\', {min: 3});\n  this.validatesConfirmed(\'password\', \'confirmPassword\');\n  this.validatesWithFunction(\'password\', function (s) {\n      // Something that returns true or false\n      return s.length > 0;\n  });\n\n  // Can define methods for instances like this\n  this.someMethod = function () {\n    // Do some stuff\n  };\n};\n\n// Can also define them on the prototype\nUser.prototype.someOtherMethod = function () {\n  // Do some other stuff\n};\n\nUser = geddy.model.register(\'User\', User);\n```\n\nAlternatively, you can use the `defineProperties` method to lay out your model:\n\n```javascript\nvar User = function () {\n  this.defineProperties({\n    login: {type: \'string\', required: true}\n  , password: {type: \'string\', required: true}\n  , lastName: {type: \'string\'}\n  , firstName: {type: \'string\'}\n  });\n}\n```\n\nCreating an instance of one of these models is easy:\n\n```javascript\nvar params = {\n  login: \'alex\'\n, password: \'lerxst\'\n, lastName: \'Lifeson\'\n, firstName: \'Alex\'\n};\nvar user = User.create(params);\n```\n\nData-validation happens on the call to `create`, and any\nvalidation errors show up inside an `errors` property on\nthe instance, keyed by field name. Instances have a `valid`\nmethod that returns a Boolean indicating whether the instance\nis valid.\n\n```javascript\n// Leaving out the required password field\nvar params = {\n  login: \'alex\'\n};\nvar user = User.create(params);\n\n// Prints \'false\'\nutil.puts(user.valid());\n// Prints \'Field "password" is required\'\nutil.puts(user.errors.password);\n```\n\n## Running the tests\n\nIn the geddy project directory, run `jake test`. The tests simply\nuse NodeJS\'s `assert` module, which throws an error on failure.\nIf there are no errors, the tests all ran successfully.\n\n- - -\nGeddy Web-app development framework copyright 2112\nmde@fleegix.org.\n\n',
47 silly resolved     readmeFilename: 'README.md',
47 silly resolved     bugs: { url: 'https://github.com/mde/geddy/issues' },
47 silly resolved     _id: 'geddy@0.9.12',
47 silly resolved     _from: 'geddy@~0.9.x' } ]
48 info install geddy@0.9.12 into /Users/omnomnomben/Documents/benng.me
49 info installOne geddy@0.9.12
50 info /Users/omnomnomben/Documents/benng.me/node_modules/geddy unbuild
51 info preuninstall geddy@0.8.14
52 info uninstall geddy@0.8.14
53 verbose true,/Users/omnomnomben/Documents/benng.me/node_modules,/Users/omnomnomben/Documents/benng.me/node_modules unbuild geddy@0.8.14
54 verbose /Users/omnomnomben/Documents/benng.me/node_modules/.bin,[object Object] binRoot
55 info /Users/omnomnomben/Documents/benng.me/node_modules/geddy unbuild
56 info preuninstall geddy@0.8.14
57 info uninstall geddy@0.8.14
58 verbose true,/Users/omnomnomben/Documents/benng.me/node_modules,/Users/omnomnomben/Documents/benng.me/node_modules unbuild geddy@0.8.14
59 verbose /Users/omnomnomben/Documents/benng.me/node_modules/.bin,[object Object] binRoot
60 info postuninstall geddy@0.8.14
61 error Refusing to delete: /Users/omnomnomben/Documents/benng.me/node_modules/.bin/geddy not in /Users/omnomnomben/Documents/benng.me/node_modules/geddy
File exists: /Users/omnomnomben/Documents/benng.me/node_modules/.bin/geddy
Move it away, and try again.
62 error System Darwin 12.4.0
63 error command "node" "/Users/omnomnomben/.nvm/v0.10.12/bin/npm" "install"
64 error cwd /Users/omnomnomben/Documents/benng.me
65 error node -v v0.10.12
66 error npm -v 1.3.6
67 error path /Users/omnomnomben/Documents/benng.me/node_modules/.bin/geddy
68 error code EEXIST
69 verbose exit [ 1, true ]
